
2019-04-01 14:46:01|orderid[]|str[Buy1652CNY01]|hmac[9c225c4aa10a142011df6b5d8a54e2bb]
2019-04-01 14:46:14|orderid[]|str[Buy1652CNY01]|hmac[9c225c4aa10a142011df6b5d8a54e2bb]
2019-04-01 15:14:02|orderid[]|str[Buy1652CNY01]|hmac[9c225c4aa10a142011df6b5d8a54e2bb]
2019-04-01 15:30:43|orderid[2019040191101111101431111640111111]|str[Buy16522019040191101111101431111640111111100.00CNY≤‚ ‘…Ã∆∑ceshi√Ë ˆƒ„µ˘http://www.baidu.com01]|hmac[c570612a3f895a5a78effdb0d764e2d2]
2019-04-01 15:34:53|orderid[20190401911011111101431111640111111]|str[Buy165220190401911011111101431111640111111100.00CNY≤‚ ‘…Ã∆∑ceshi√Ë ˆƒ„µ˘http://www.baidu.com01]|hmac[d4a3c4ed87dcd188ebafbef38e4ff68b]
2019-04-01 15:35:31|orderid[201904019110111111101431111640111111]|str[Buy1652201904019110111111101431111640111111100.00CNY≤‚ ‘…Ã∆∑ceshi√Ë ˆƒ„µ˘http://www.baidu.com01]|hmac[089abc03373e7137cde289736923c0d6]
2019-04-01 15:36:32|orderid[2019040191101111111101431111640111111]|str[Buy16522019040191101111111101431111640111111100.00CNY≤‚ ‘…Ã∆∑ceshi√Ë ˆƒ„µ˘http://www.baidu.com01]|hmac[57f00f0c16bd691206dc2fe1f8a13dd9]
2019-04-01 15:54:42|orderid[20190401911011111111101431111640111111]|str[Buy165220190401911011111111101431111640111111100.00CNY≤‚ ‘…Ã∆∑ceshi√Ë ˆƒ„µ˘http://www.baidu.com01]|hmac[3c6f24d94d40978059c8133bb84c2afe]
2019-04-01 15:55:57|orderid[2019040134027099]|str[Buy165220190401340270991.00CNY≤‚ ‘…Ã∆∑ceshi√Ë ˆƒ„µ˘http://www.baidu.com01]|hmac[c9bc82e64fef37467ce92cad5af4017c]
2019-04-01 15:58:31|orderid[20190401339831541]|str[Buy1652201904013398315411.00CNY≤‚ ‘…Ã∆∑ceshi√Ë ˆƒ„µ˘http://www.baidu.com01]|hmac[5f539832dff6d95c12f2e17a5c579757]
2019-04-01 16:03:00|orderid[201904013391831541]|str[Buy16522019040133918315411.00CNY≤‚ ‘…Ã∆∑ceshi√Ë ˆƒ„µ˘http://www.baidu.com0ICBC1]|hmac[dd8a8710562a942829807617829b3a2a]
2019-04-01 16:03:57|orderid[2019040133911831541]|str[Buy165220190401339118315411.00CNY≤‚ ‘…Ã∆∑ceshi√Ë ˆƒ„µ˘http://www.baidu.com0dddICBC1]|hmac[aad90abefd93f56a7ad0bea566e81f7f]
2019-04-01 16:04:33|orderid[20190401331911831541]|str[Buy1652201904013319118315411.00CNYceshiceshiceshihttp://www.baidu.com0dddICBC1]|hmac[b8fc828e769c4d35f2b7bb42322a714b]
2019-04-01 16:05:45|orderid[2019040140374450]|str[Buy165220190401403744501.00CNYceshiceshiceshihttp://www.baidu.com0dddICBC1]|hmac[7b440279c9fcb7fda6b94b115e35d70d]
2019-04-01 16:06:26|orderid[201904013319118315411]|str[Buy16522019040133191183154111.00CNYceshiceshiceshihttp://www.baidu.com0dddCMBCHINA1]|hmac[97917de5abef79fdf3d1dd918cda3288]
2019-04-01 16:38:43|orderid[2019040174401855]|str[Buy165220190401744018551.00CNYceshiceshiceshihttp://www.baidu.com0ddd1]|hmac[16b8f180544aef1161bad111988a4cae]
2019-04-01 16:39:12|orderid[201904017440185511]|str[Buy16522019040174401855111.00CNYceshiceshiceshihttp://www.baidu.com0ddd1]|hmac[546d02df98f4b55f317b9b936f386aa2]
2019-04-01 16:39:30|orderid[2019040174401855111]|str[Buy165220190401744018551111.00CNYceshiceshiceshihttp://www.baidu.com0ddd1]|hmac[8661118bff94938a4f5cab3ae1d07157]
2019-04-01 16:39:44|orderid[20190401741401855111]|str[Buy1652201904017414018551111.00CNYceshiceshiceshihttp://www.baidu.com0ddd1]|hmac[b04ffdea1cffed5c5fe29d8bafa1f355]
2019-04-01 16:40:12|orderid[201904017414101855111]|str[Buy16522019040174141018551111.00CNYceshiceshiceshihttp://www.baidu.com0ddd1]|hmac[26200121481ea328a2a6406698ca77d7]
2019-04-01 16:40:38|orderid[2019040174141018551111]|str[Buy165220190401741410185511111.00CNYceshiceshiceshihttp://www.baidu.com0dddICBC1]|hmac[0af64f0fb3da583d897f551d6497ccf4]
2019-04-01 16:41:08|orderid[201904017414111018551111]|str[Buy16522019040174141110185511111.00CNYceshiceshiceshihttp://www.baidu.com0dddICBC1]|hmac[471ac4bcf500ec4a79e415b9fa00ecbb]
2019-04-01 16:42:48|orderid[2019040136213378]|str[Buy165220190401362133781.00CNYceshiceshiceshihttp://www.baidu.com0dddICBC1]|hmac[35917f87aa798512fa3aedd82821aaef]
2019-04-01 16:44:35|orderid[20190401508471671]|str[Buy1652201904015084716710.10CNYceshiceshiceshihttp://www.baidu.com0dddICBC1]|hmac[8c217e8231ffe20e6b4b88553d1698f5]
2019-04-01 16:44:58|orderid[2019040151108471671]|str[Buy165220190401511084716710.10CNYceshiceshiceshihttp://www.baidu.com0dddICBC1]|hmac[850678368694853ad299a68c68ee4be7]
2019-04-01 16:45:18|orderid[20190401511084716711]|str[Buy1652201904015110847167111.00CNYceshiceshiceshihttp://www.baidu.com0dddICBC1]|hmac[655bf61d5f93a2967f5e85d7a48245c1]
2019-04-01 16:49:48|orderid[2019040132727966]|str[Buy165220190401327279661.00CNYceshiceshiceshihttp://www.baidu.com0dddICBC1]|hmac[0588c91b0ec94f4a57be892d49306185]
2019-04-01 16:51:03|orderid[2019040137240600]|str[Buy165220190401372406001.00CNYceshiceshiceshihttp://www.baidu.com0dddICBC1]|hmac[fcb08305d33219ca22309ed142a62117]
2019-04-01 17:22:52|orderid[2019040182853088]|str[Buy165220190401828530881.00CNYceshiceshiceshihttp://www.baidu.com0dddICBC1]|hmac[4ae872f879c2a4086d21ac11a6459665]
2019-04-01 17:23:39|orderid[2019040126789855]|str[Buy165220190401267898551.00CNYceshiceshiceshihttp://www.baidu.com0dddICBC1]|hmac[914e5189a8085ba4bddd3f4c8da341ec]
2019-04-01 17:31:27|orderid[2019040114224243]|str[Buy165220190401142242431.00CNYceshiceshiceshihttp://www.zhifu.com/gateway/yinlian/yl/callback.php0ddd1]|hmac[081f0de7db42eab2702e6e481b993767]
2019-04-01 17:33:07|orderid[20190401411407147]|str[Buy1652201904014114071471.00CNYceshiceshiceshihttp://www.zhifu.com/gateway/yinlian/yl/callback.php0ddd1]|hmac[ad7b5e734cff80d9d1e4c57869df4a11]
2019-04-01 17:33:35|orderid[201904014114071471]|str[Buy16522019040141140714711.00CNYceshiceshiceshihttp://www.zhifu.com/gateway/yinlian/yl/callback.php0ddd1]|hmac[66acc049594f6255d483a8ce356be6ed]
2019-04-01 17:40:16|orderid[20190401411407114711]|str[Buy1652201904014114071147111.00CNYceshiceshiceshihttp://www.zhifu.com/gateway/yinlian/yl/callback.php0dddICBC1]|hmac[dadf3c2ed27bf877f454b699c30c343b]
2019-04-01 17:40:35|orderid[201904014114107114711]|str[Buy16522019040141141071147111.00CNYceshiceshiceshihttp://www.zhifu.com/gateway/yinlian/yl/callback.php0dddPOST1]|hmac[c0841f1f5c59d76bc29ab5002fd35a77]
2019-04-01 17:40:56|orderid[2019040173105468]|str[Buy165220190401731054681.00CNYceshiceshiceshihttp://www.zhifu.com/gateway/yinlian/yl/callback.php0dddCEB1]|hmac[8ce11cca63c3a3fb89fc1e427e826601]
2019-04-01 17:50:20|orderid[20190401700375361]|str[Buy1652201904017003753611.00CNYceshiceshiceshihttp://www.h537v.cn/gateway/yinlian/yl/callback.php0dddICBC1]|hmac[eb6780dfa30473e00af327f335d0f265]
2019-04-01 17:51:54|orderid[2019040111148071]|str[Buy165220190401111480711.00CNYceshiceshiceshihttp://www.h537v.cn/gateway/yinlian/yl/callback.php0ddd1]|hmac[eaad71c8dc0c63992acb003469794025]
2019-04-01 17:52:08|orderid[201904011114807]|str[Buy16522019040111148071.00CNYceshiceshiceshihttp://www.h537v.cn/gateway/yinlian/yl/callback.php0ddd1]|hmac[d791697c054c4cd7424c8e264ccbdd03]
2019-04-01 18:09:27|orderid[2019040137254333]|str[Buy165220190401372543331.00CNYceshiceshiceshihttp://www.h537v.cn/gateway/yinlian/yl/callback.php0ddd1]|hmac[10b185690f006bfb24418a7d9522dcc9]
2019-04-01 18:10:21|orderid[2019040184459838]|str[Buy165220190401844598381.00CNYceshiceshiceshihttp://www.h537v.cn/gateway/yinlian/yl/callback.php0dddCCB1]|hmac[052e09110fc2b5059109d9f8c9085c25]
2019-04-01 18:16:18|orderid[2019040119418029]|str[Buy165220190401194180291.00CNYceshiceshiceshihttp://www.h537v.cn/gateway/yinlian/yl/callback.php0ddd1]|hmac[fd6c9272bd3bdf647256b4070084166c]
2019-04-01 18:22:41|orderid[201904019491333011]|str[Buy16522019040194913330111.00CNYceshiceshiceshihttp://www.h537v.cn/gateway/yinlian/yl/callback.php0dddBOC1]|hmac[8875b095ceb5a1d44f7a8ef147071380]
2019-04-01 18:25:15|orderid[2019040150613708]|str[Buy165220190401506137081.00CNYceshiceshiceshihttp://www.h537v.cn/gateway/yinlian/yl/callback.php0dddICBC1]|hmac[238e2d25bee237966a0f07cf4cbf48e5]
2019-04-01 18:35:57|orderid[2019040197506103]|str[Buy165220190401975061031.00CNYceshiceshiceshihttp://www.h537v.cn/gateway/yinlian/yl/callback.php0dddICBC1]|hmac[5918fc3ffd9086a056da521536177e6f]
2019-04-01 18:37:02|orderid[2019040157276916]|str[Buy165220190401572769161.00CNYceshiceshiceshihttp://www.h537v.cn/gateway/yinlian/yl/callback.php0dddICBC1]|hmac[17045482d0e846f08c558428d28fbc5d]
2019-04-01 19:54:05|orderid[2019040146095581]|str[Buy165220190401460955811.00CNYceshiceshiceshihttp://www.h537v.cn/gateway/yinlian/yl/callback.php0dddCMBCHINA1]|hmac[46cb1f494b37c76bc0c4ac70c4d1ed05]
2019-04-01 19:54:56|orderid[2019040179919738]|str[Buy165220190401799197381.00CNYceshiceshiceshihttp://www.h537v.cn/gateway/yinlian/yl/callback.php0dddCMBCHINA1]|hmac[6c3cbaf10e2275010a7c1664b84d9f4c]
2019-04-01 20:00:47|orderid[2019040149446411]|str[Buy165220190401494464111.00CNYceshiceshiceshihttp://www.h537v.cn/gateway/yinlian/yl/callback.php0ddd1]|hmac[e0231055d7938d56f79de6a490d1740d]
2019-04-01 20:02:42|orderid[201904012520782]|str[Buy16522019040125207821.00CNYceshiceshiceshihttp://www.h537v.cn/gateway/yinlian/yl/callback.php0dddCCB1]|hmac[728f000baa5644ef8c4363751741f8e6]
2019-04-01 20:03:30|orderid[2019040120835266]|str[Buy165220190401208352661.00CNYceshiceshiceshihttp://www.h537v.cn/gateway/yinlian/yl/callback.php0dddICBC1]|hmac[ddb0aa713c19f5177e1cc2a5d41936a0]
2019-04-01 20:35:08|orderid[2019040137240600]|str[Buy165220190401372406001.00CNYceshiceshiceshihttp://www.h537v.cn/gateway/yinlian/yl/callback.php0ddd1]|hmac[502f23b0f766bd631d5edee48fce5c8a]
2019-04-01 20:35:27|orderid[2019040128679504]|str[Buy165220190401286795041.00CNYceshiceshiceshihttp://www.h537v.cn/gateway/yinlian/yl/callback.php0dddICBC1]|hmac[d1e89eeb8cef6400b259174fa6a60e69]
2019-04-02 13:20:59|orderid[2019040220920410]|str[Buy165220190402209204101.00CNYceshiceshiceshihttp://www.h537v.cn/gateway/yinlian/yl/callback.php0dddCCB1]|hmac[fa43818ff11feea2391b368c990b53e6]
2019-04-02 16:01:17|orderid[2019040220961608]|str[Buy165220190402209616081.00CNYceshiceshiceshihttp://www.h537v.cn/gateway/yinlian/yl/callback.php0dddICBC1]|hmac[4be8d5c6a1d21bf76ff8d7b3f05bc17e]
2019-04-02 16:02:43|orderid[2019040288593444]|str[Buy165220190402885934441.00CNYceshiceshiceshihttp://www.h537v.cn/gateway/yinlian/yl/callback.php0dddCCB1]|hmac[4ba31d3dc5d70701dd18f19310f47bce]